# JRE version: OpenJDK Runtime Environment Temurin-22.0.1+8 (22.0.1+8) (build 22.0.1+8)
# Java VM: OpenJDK 64-Bit Server VM Temurin-22.0.1+8 (22.0.1+8, mixed mode, emulated-client, tiered, compressed oops, compressed class ptrs, g1 gc, windows-amd64)
GC Precious Log:
 CardTable entry size: 512
 Card Set container configuration: InlinePtr #cards 5 size 8 Array Of Cards #cards 12 size 40 Howl #buckets 4 coarsen threshold 1843 Howl Bitmap #cards 512 size 80 coarsen threshold 460 Card regions per heap region 1 cards per card region 2048
 CPUs: 8 total, 8 available
 Memory: 7975M
 Large Page Support: Disabled
 NUMA Support: Disabled
 Compressed Oops: Enabled (32-bit)
 Heap Region Size: 1M
 Heap Min Capacity: 8M
 Heap Initial Capacity: 126M
 Heap Max Capacity: 1994M
 Pre-touch: Disabled
 Parallel Workers: 8
 Concurrent Workers: 2
 Concurrent Refinement Workers: 8
 Periodic GC: Disabled
Heap:
 garbage-first heap   total reserved 2041856K, committed 59392K, used 49359K [0x0000000083600000, 0x0000000100000000)
  region size 1024K, 27 young (27648K), 2 survivors (2048K)
 Metaspace       used 70759K, committed 71424K, reserved 1114112K
  class space    used 9531K, committed 9856K, reserved 1048576K
GC Heap History (20 events):
Event: 1.178 GC heap before
{Heap before GC invocations=4 (full 0):
 garbage-first heap   total reserved 2041856K, committed 34816K, used 25259K [0x0000000083600000, 0x0000000100000000)
  region size 1024K, 17 young (17408K), 2 survivors (2048K)
 Metaspace       used 29714K, committed 30080K, reserved 1114112K
  class space    used 3495K, committed 3648K, reserved 1048576K
}
Event: 1.180 GC heap after
{Heap after GC invocations=5 (full 0):
 garbage-first heap   total reserved 2041856K, committed 34816K, used 12209K [0x0000000083600000, 0x0000000100000000)
  region size 1024K, 3 young (3072K), 3 survivors (3072K)
 Metaspace       used 29714K, committed 30080K, reserved 1114112K
  class space    used 3495K, committed 3648K, reserved 1048576K
}
Event: 1.346 GC heap before
{Heap before GC invocations=5 (full 0):
 garbage-first heap   total reserved 2041856K, committed 34816K, used 27569K [0x0000000083600000, 0x0000000100000000)
  region size 1024K, 18 young (18432K), 3 survivors (3072K)
 Metaspace       used 30949K, committed 31296K, reserved 1114112K
  class space    used 3691K, committed 3840K, reserved 1048576K
}
Event: 1.350 GC heap after
{Heap after GC invocations=6 (full 0):
 garbage-first heap   total reserved 2041856K, committed 34816K, used 13908K [0x0000000083600000, 0x0000000100000000)
  region size 1024K, 3 young (3072K), 3 survivors (3072K)
 Metaspace       used 30949K, committed 31296K, reserved 1114112K
  class space    used 3691K, committed 3840K, reserved 1048576K
}
Event: 1.559 GC heap before
{Heap before GC invocations=6 (full 0):
 garbage-first heap   total reserved 2041856K, committed 34816K, used 28244K [0x0000000083600000, 0x0000000100000000)
  region size 1024K, 17 young (17408K), 3 survivors (3072K)
 Metaspace       used 33138K, committed 33536K, reserved 1114112K
  class space    used 4010K, committed 4160K, reserved 1048576K
}
Event: 1.564 GC heap after
{Heap after GC invocations=7 (full 0):
 garbage-first heap   total reserved 2041856K, committed 49152K, used 15029K [0x0000000083600000, 0x0000000100000000)
  region size 1024K, 2 young (2048K), 2 survivors (2048K)
 Metaspace       used 33138K, committed 33536K, reserved 1114112K
  class space    used 4010K, committed 4160K, reserved 1048576K
}
Event: 1.805 GC heap before
{Heap before GC invocations=7 (full 0):
 garbage-first heap   total reserved 2041856K, committed 49152K, used 30389K [0x0000000083600000, 0x0000000100000000)
  region size 1024K, 19 young (19456K), 2 survivors (2048K)
 Metaspace       used 35738K, committed 36160K, reserved 1114112K
  class space    used 4433K, committed 4608K, reserved 1048576K
}
Event: 1.810 GC heap after
{Heap after GC invocations=8 (full 0):
 garbage-first heap   total reserved 2041856K, committed 49152K, used 16807K [0x0000000083600000, 0x0000000100000000)
  region size 1024K, 3 young (3072K), 3 survivors (3072K)
 Metaspace       used 35738K, committed 36160K, reserved 1114112K
  class space    used 4433K, committed 4608K, reserved 1048576K
}
Event: 2.145 GC heap before
{Heap before GC invocations=9 (full 0):
 garbage-first heap   total reserved 2041856K, committed 49152K, used 39335K [0x0000000083600000, 0x0000000100000000)
  region size 1024K, 25 young (25600K), 3 survivors (3072K)
 Metaspace       used 39303K, committed 39872K, reserved 1114112K
  class space    used 4940K, committed 5184K, reserved 1048576K
}
Event: 2.148 GC heap after
{Heap after GC invocations=10 (full 0):
 garbage-first heap   total reserved 2041856K, committed 49152K, used 18810K [0x0000000083600000, 0x0000000100000000)
  region size 1024K, 4 young (4096K), 4 survivors (4096K)
 Metaspace       used 39303K, committed 39872K, reserved 1114112K
  class space    used 4940K, committed 5184K, reserved 1048576K
}
Event: 2.555 GC heap before
{Heap before GC invocations=10 (full 0):
 garbage-first heap   total reserved 2041856K, committed 49152K, used 40314K [0x0000000083600000, 0x0000000100000000)
  region size 1024K, 25 young (25600K), 4 survivors (4096K)
 Metaspace       used 44035K, committed 44608K, reserved 1114112K
  class space    used 5643K, committed 5888K, reserved 1048576K
}
Event: 2.559 GC heap after
{Heap after GC invocations=11 (full 0):
 garbage-first heap   total reserved 2041856K, committed 49152K, used 19475K [0x0000000083600000, 0x0000000100000000)
  region size 1024K, 4 young (4096K), 4 survivors (4096K)
 Metaspace       used 44035K, committed 44608K, reserved 1114112K
  class space    used 5643K, committed 5888K, reserved 1048576K
}
Event: 2.906 GC heap before
{Heap before GC invocations=11 (full 0):
 garbage-first heap   total reserved 2041856K, committed 49152K, used 40979K [0x0000000083600000, 0x0000000100000000)
  region size 1024K, 25 young (25600K), 4 survivors (4096K)
 Metaspace       used 49596K, committed 50112K, reserved 1114112K
  class space    used 6436K, committed 6656K, reserved 1048576K
}
Event: 2.910 GC heap after
{Heap after GC invocations=12 (full 0):
 garbage-first heap   total reserved 2041856K, committed 49152K, used 21373K [0x0000000083600000, 0x0000000100000000)
  region size 1024K, 3 young (3072K), 3 survivors (3072K)
 Metaspace       used 49596K, committed 50112K, reserved 1114112K
  class space    used 6436K, committed 6656K, reserved 1048576K
}
Event: 3.345 GC heap before
{Heap before GC invocations=12 (full 0):
 garbage-first heap   total reserved 2041856K, committed 49152K, used 41853K [0x0000000083600000, 0x0000000100000000)
  region size 1024K, 24 young (24576K), 3 survivors (3072K)
 Metaspace       used 56915K, committed 57536K, reserved 1114112K
  class space    used 7415K, committed 7680K, reserved 1048576K
}
Event: 3.348 GC heap after
{Heap after GC invocations=13 (full 0):
 garbage-first heap   total reserved 2041856K, committed 59392K, used 23005K [0x0000000083600000, 0x0000000100000000)
  region size 1024K, 2 young (2048K), 2 survivors (2048K)
 Metaspace       used 56915K, committed 57536K, reserved 1114112K
  class space    used 7415K, committed 7680K, reserved 1048576K
}
Event: 3.508 GC heap before
{Heap before GC invocations=13 (full 0):
 garbage-first heap   total reserved 2041856K, committed 59392K, used 34269K [0x0000000083600000, 0x0000000100000000)
  region size 1024K, 15 young (15360K), 2 survivors (2048K)
 Metaspace       used 59883K, committed 60416K, reserved 1114112K
  class space    used 7755K, committed 8000K, reserved 1048576K
}
Event: 3.512 GC heap after
{Heap after GC invocations=14 (full 0):
 garbage-first heap   total reserved 2041856K, committed 59392K, used 23521K [0x0000000083600000, 0x0000000100000000)
  region size 1024K, 3 young (3072K), 3 survivors (3072K)
 Metaspace       used 59883K, committed 60416K, reserved 1114112K
  class space    used 7755K, committed 8000K, reserved 1048576K
}
Event: 3.937 GC heap before
{Heap before GC invocations=15 (full 0):
 garbage-first heap   total reserved 2041856K, committed 59392K, used 50145K [0x0000000083600000, 0x0000000100000000)
  region size 1024K, 30 young (30720K), 3 survivors (3072K)
 Metaspace       used 66272K, committed 66816K, reserved 1114112K
  class space    used 8915K, committed 9152K, reserved 1048576K
}
Event: 3.941 GC heap after
{Heap after GC invocations=16 (full 0):
 garbage-first heap   total reserved 2041856K, committed 59392K, used 24783K [0x0000000083600000, 0x0000000100000000)
  region size 1024K, 2 young (2048K), 2 survivors (2048K)
 Metaspace       used 66272K, committed 66816K, reserved 1114112K
  class space    used 8915K, committed 9152K, reserved 1048576K
}

